2024-11-02 11:33:12,083 - INFO - Alias 'aliases' for 'OSC Windows 1.0' successfully points to OSC_Windows_1.0.json.
2024-11-02 11:33:12,084 - INFO - Alias 'character_file' for 'OSC Windows 1.0' successfully points to OSC_Windows_1.0.json.
2024-11-02 11:33:12,084 - INFO - Alias 'aliases' for 'Futaba Windows 1.0' successfully points to Futaba_Windows_1.0.json.
2024-11-02 11:33:12,085 - INFO - Alias 'character_file' for 'Futaba Windows 1.0' successfully points to Futaba_Windows_1.0.json.
2024-11-02 11:33:12,085 - INFO - Alias 'aliases' for 'Windows 2.0' successfully points to Windows_2.0.json.
2024-11-02 11:33:12,085 - INFO - Alias 'character_file' for 'Windows 2.0' successfully points to Windows_2.0.json.
2024-11-02 11:33:12,086 - INFO - Alias 'aliases' for 'Windows 3.1' successfully points to Windows_3.1.json.
2024-11-02 11:33:12,086 - INFO - Alias 'character_file' for 'Windows 3.1' successfully points to Windows_3.1.json.
2024-11-02 11:33:12,086 - INFO - Alias 'aliases' for 'Windows 3.2' successfully points to Windows_3.2.json.
2024-11-02 11:33:12,087 - INFO - Alias 'character_file' for 'Windows 3.2' successfully points to Windows_3.2.json.
2024-11-02 11:33:12,087 - INFO - Alias 'aliases' for 'Windows NT' successfully points to Windows_NT.json.
2024-11-02 11:33:12,087 - INFO - Alias 'character_file' for 'Windows NT' successfully points to Windows_NT.json.
2024-11-02 11:33:12,088 - INFO - Alias 'aliases' for 'Windows 95' successfully points to Windows_95.json.
2024-11-02 11:33:12,088 - INFO - Alias 'character_file' for 'Windows 95' successfully points to Windows_95.json.
2024-11-02 11:33:12,088 - INFO - Alias 'aliases' for 'Windows 95 OSR 2.1' successfully points to Windows_95_OSR_2.1.json.
2024-11-02 11:33:12,089 - INFO - Alias 'character_file' for 'Windows 95 OSR 2.1' successfully points to Windows_95_OSR_2.1.json.
2024-11-02 11:33:12,089 - INFO - Alias 'aliases' for 'Windows 95 OSR 2.5' successfully points to Windows_95_OSR_2.5.json.
2024-11-02 11:33:12,089 - INFO - Alias 'character_file' for 'Windows 95 OSR 2.5' successfully points to Windows_95_OSR_2.5.json.
2024-11-02 11:33:12,090 - INFO - Alias 'aliases' for 'Windows 98' successfully points to Windows_98.json.
2024-11-02 11:33:12,090 - INFO - Alias 'character_file' for 'Windows 98' successfully points to Windows_98.json.
2024-11-02 11:33:12,090 - ERROR - Alias 'aliases' for 'Windows 98 SE' does not point to a valid file: Windows_98_SE.json.
2024-11-02 11:33:12,091 - ERROR - Alias 'character_file' for 'Windows 98 SE' does not point to a valid file: Windows_98_SE.json.
2024-11-02 11:33:12,091 - INFO - Alias 'aliases' for 'Windows ME' successfully points to Windows_ME.json.
2024-11-02 11:33:12,091 - INFO - Alias 'character_file' for 'Windows ME' successfully points to Windows_ME.json.
2024-11-02 11:33:12,092 - INFO - Alias 'aliases' for 'Windows 2000' successfully points to Windows_2000.json.
2024-11-02 11:33:12,092 - INFO - Alias 'character_file' for 'Windows 2000' successfully points to Windows_2000.json.
2024-11-02 11:33:12,093 - ERROR - Alias 'aliases' for 'Nyake' does not point to a valid file: Nyake.json.
2024-11-02 11:33:12,093 - ERROR - Alias 'character_file' for 'Nyake' does not point to a valid file: Nyake.json.
2024-11-02 11:33:12,093 - INFO - Alias 'aliases' for 'Windows XP Pro' successfully points to Windows_XP_Pro.json.
2024-11-02 11:33:12,094 - INFO - Alias 'character_file' for 'Windows XP Pro' successfully points to Windows_XP_Pro.json.
2024-11-02 11:33:12,124 - ERROR - Alias 'aliases' for 'Windows XP Home' does not point to a valid file: Windows_XP_Home.json.
2024-11-02 11:33:12,124 - ERROR - Alias 'character_file' for 'Windows XP Home' does not point to a valid file: Windows_XP_Home.json.
2024-11-02 11:33:12,125 - INFO - Alias 'aliases' for 'Windows XP Media Center Edition' successfully points to Windows_XP_Media_Center_Edition.json.
2024-11-02 11:33:12,125 - INFO - Alias 'character_file' for 'Windows XP Media Center Edition' successfully points to Windows_XP_Media_Center_Edition.json.
2024-11-02 11:33:12,125 - INFO - Alias 'aliases' for 'Windows Vista' successfully points to Windows_Vista.json.
2024-11-02 11:33:12,126 - INFO - Alias 'character_file' for 'Windows Vista' successfully points to Windows_Vista.json.
2024-11-02 11:33:12,126 - ERROR - Alias 'aliases' for 'Windows Server 2008' does not point to a valid file: Windows_Server_2008.json.
2024-11-02 11:33:12,126 - ERROR - Alias 'character_file' for 'Windows Server 2008' does not point to a valid file: Windows_Server_2008.json.
2024-11-02 11:33:12,127 - INFO - Alias 'aliases' for 'Windows 7' successfully points to Windows_7.json.
2024-11-02 11:33:12,127 - INFO - Alias 'character_file' for 'Windows 7' successfully points to Windows_7.json.
2024-11-02 11:33:12,127 - INFO - Alias 'aliases' for 'Windows 8' successfully points to Windows_8.json.
2024-11-02 11:33:12,128 - INFO - Alias 'character_file' for 'Windows 8' successfully points to Windows_8.json.
2024-11-02 11:33:12,128 - INFO - Alias 'aliases' for 'Windows 10' successfully points to Windows_10.json.
2024-11-02 11:33:12,128 - INFO - Alias 'character_file' for 'Windows 10' successfully points to Windows_10.json.
2024-11-02 11:33:12,129 - INFO - Alias 'aliases' for 'Microsoft Silverlight' successfully points to Microsoft_Silverlight.json.
2024-11-02 11:33:12,129 - INFO - Alias 'character_file' for 'Microsoft Silverlight' successfully points to Microsoft_Silverlight.json.
2024-11-02 11:33:12,129 - INFO - Alias 'aliases' for 'Windows Azure' successfully points to Windows_Azure.json.
2024-11-02 11:33:12,130 - INFO - Alias 'character_file' for 'Windows Azure' successfully points to Windows_Azure.json.
2024-11-02 11:35:07,095 - INFO - Character 'OSC Windows 1.0' with file 'OSC_Windows_1.0.json' successfully validated.
2024-11-02 11:35:07,095 - INFO - Character 'Futaba Windows 1.0' with file 'Futaba_Windows_1.0.json' successfully validated.
2024-11-02 11:35:07,095 - INFO - Character 'Windows 2.0' with file 'Windows_2.0.json' successfully validated.
2024-11-02 11:35:07,096 - INFO - Character 'Windows 3.1' with file 'Windows_3.1.json' successfully validated.
2024-11-02 11:35:07,098 - INFO - Character 'Windows 3.2' with file 'Windows_3.2.json' successfully validated.
2024-11-02 11:35:07,098 - INFO - Character 'Windows NT' with file 'Windows_NT.json' successfully validated.
2024-11-02 11:35:07,099 - INFO - Character 'Windows 95' with file 'Windows_95.json' successfully validated.
2024-11-02 11:35:07,100 - INFO - Character 'Windows 95 OSR 2.1' with file 'Windows_95_OSR_2.1.json' successfully validated.
2024-11-02 11:35:07,100 - INFO - Character 'Windows 95 OSR 2.5' with file 'Windows_95_OSR_2.5.json' successfully validated.
2024-11-02 11:35:07,100 - INFO - Character 'Windows 98' with file 'Windows_98.json' successfully validated.
2024-11-02 11:35:07,101 - ERROR - Character 'Windows 98 SE' with file 'Windows_98_SE.json' does not exist.
2024-11-02 11:35:07,101 - INFO - Character 'Windows ME' with file 'Windows_ME.json' successfully validated.
2024-11-02 11:35:07,101 - INFO - Character 'Windows 2000' with file 'Windows_2000.json' successfully validated.
2024-11-02 11:35:07,102 - INFO - Character 'Nyake' with file 'Nyaake.json' successfully validated.
2024-11-02 11:35:07,102 - INFO - Character 'Windows XP Pro' with file 'Windows_XP_Pro.json' successfully validated.
2024-11-02 11:35:07,102 - INFO - Character 'Windows XP Home' with file 'Windows_XP_Homeko.json' successfully validated.
2024-11-02 11:35:07,103 - INFO - Character 'Windows XP Media Center Edition' with file 'Windows_XP_Media_Center_Edition.json' successfully validated.
2024-11-02 11:35:07,103 - INFO - Character 'Windows Vista' with file 'Windows_Vista.json' successfully validated.
2024-11-02 11:35:07,104 - ERROR - Character 'Windows Server 2008' with file 'Windows_Server_2008.json' does not exist.
2024-11-02 11:35:07,104 - INFO - Character 'Windows 7' with file 'Windows_7.json' successfully validated.
2024-11-02 11:35:07,105 - INFO - Character 'Windows 8' with file 'Windows_8.json' successfully validated.
2024-11-02 11:35:07,105 - INFO - Character 'Windows 10' with file 'Windows_10.json' successfully validated.
2024-11-02 11:35:07,106 - INFO - Character 'Microsoft Silverlight' with file 'Microsoft_Silverlight.json' successfully validated.
2024-11-02 11:35:07,106 - INFO - Character 'Windows Azure' with file 'Windows_Azure.json' successfully validated.
2024-11-02 11:35:07,112 - INFO - Fixed aliases saved to D:\Code\ME-bot\characters\fixed_character_aliases.json.
2024-11-02 11:35:12,520 - INFO - Character 'OSC Windows 1.0' with file 'OSC_Windows_1.0.json' successfully validated.
2024-11-02 11:35:12,521 - INFO - Character 'Futaba Windows 1.0' with file 'Futaba_Windows_1.0.json' successfully validated.
2024-11-02 11:35:12,521 - INFO - Character 'Windows 2.0' with file 'Windows_2.0.json' successfully validated.
2024-11-02 11:35:12,521 - INFO - Character 'Windows 3.1' with file 'Windows_3.1.json' successfully validated.
2024-11-02 11:35:12,522 - INFO - Character 'Windows 3.2' with file 'Windows_3.2.json' successfully validated.
2024-11-02 11:35:12,522 - INFO - Character 'Windows NT' with file 'Windows_NT.json' successfully validated.
2024-11-02 11:35:12,522 - INFO - Character 'Windows 95' with file 'Windows_95.json' successfully validated.
2024-11-02 11:35:12,523 - INFO - Character 'Windows 95 OSR 2.1' with file 'Windows_95_OSR_2.1.json' successfully validated.
2024-11-02 11:35:12,523 - INFO - Character 'Windows 95 OSR 2.5' with file 'Windows_95_OSR_2.5.json' successfully validated.
2024-11-02 11:35:12,523 - INFO - Character 'Windows 98' with file 'Windows_98.json' successfully validated.
2024-11-02 11:35:12,524 - ERROR - Character 'Windows 98 SE' with file 'Windows_98_SE.json' does not exist.
2024-11-02 11:35:12,524 - INFO - Character 'Windows ME' with file 'Windows_ME.json' successfully validated.
2024-11-02 11:35:12,524 - INFO - Character 'Windows 2000' with file 'Windows_2000.json' successfully validated.
2024-11-02 11:35:12,525 - INFO - Character 'Nyake' with file 'Nyaake.json' successfully validated.
2024-11-02 11:35:12,525 - INFO - Character 'Windows XP Pro' with file 'Windows_XP_Pro.json' successfully validated.
2024-11-02 11:35:12,525 - INFO - Character 'Windows XP Home' with file 'Windows_XP_Homeko.json' successfully validated.
2024-11-02 11:35:12,526 - INFO - Character 'Windows XP Media Center Edition' with file 'Windows_XP_Media_Center_Edition.json' successfully validated.
2024-11-02 11:35:12,526 - INFO - Character 'Windows Vista' with file 'Windows_Vista.json' successfully validated.
2024-11-02 11:35:12,526 - ERROR - Character 'Windows Server 2008' with file 'Windows_Server_2008.json' does not exist.
2024-11-02 11:35:12,527 - INFO - Character 'Windows 7' with file 'Windows_7.json' successfully validated.
2024-11-02 11:35:12,527 - INFO - Character 'Windows 8' with file 'Windows_8.json' successfully validated.
2024-11-02 11:35:12,527 - INFO - Character 'Windows 10' with file 'Windows_10.json' successfully validated.
2024-11-02 11:35:12,527 - INFO - Character 'Microsoft Silverlight' with file 'Microsoft_Silverlight.json' successfully validated.
2024-11-02 11:35:12,528 - INFO - Character 'Windows Azure' with file 'Windows_Azure.json' successfully validated.
2024-11-02 11:35:12,531 - INFO - Fixed aliases saved to D:\Code\ME-bot\characters\fixed_character_aliases.json.
2024-11-02 11:36:04,190 - INFO - Character 'OSC Windows 1.0' with file 'OSC_Windows_1.0.json' successfully validated.
2024-11-02 11:36:04,190 - INFO - Character 'Futaba Windows 1.0' with file 'Futaba_Windows_1.0.json' successfully validated.
2024-11-02 11:36:04,191 - INFO - Character 'Windows 2.0' with file 'Windows_2.0.json' successfully validated.
2024-11-02 11:36:04,191 - INFO - Character 'Windows 3.1' with file 'Windows_3.1.json' successfully validated.
2024-11-02 11:36:04,191 - INFO - Character 'Windows 3.2' with file 'Windows_3.2.json' successfully validated.
2024-11-02 11:36:04,191 - INFO - Character 'Windows NT' with file 'Windows_NT.json' successfully validated.
2024-11-02 11:36:04,192 - INFO - Character 'Windows 95' with file 'Windows_95.json' successfully validated.
2024-11-02 11:36:04,192 - INFO - Character 'Windows 95 OSR 2.1' with file 'Windows_95_OSR_2.1.json' successfully validated.
2024-11-02 11:36:04,193 - INFO - Character 'Windows 95 OSR 2.5' with file 'Windows_95_OSR_2.5.json' successfully validated.
2024-11-02 11:36:04,193 - INFO - Character 'Windows 98' with file 'Windows_98.json' successfully validated.
2024-11-02 11:36:04,193 - ERROR - Character 'Windows 98 SE' with file 'Windows_98_SE.json' does not exist.
2024-11-02 11:36:04,194 - INFO - Character 'Windows ME' with file 'Windows_ME.json' successfully validated.
2024-11-02 11:36:04,194 - INFO - Character 'Windows 2000' with file 'Windows_2000.json' successfully validated.
2024-11-02 11:36:04,194 - INFO - Character 'Nyake' with file 'Nyaake.json' successfully validated.
2024-11-02 11:36:04,195 - INFO - Character 'Windows XP Pro' with file 'Windows_XP_Pro.json' successfully validated.
2024-11-02 11:36:04,195 - INFO - Character 'Windows XP Home' with file 'Windows_XP_Homeko.json' successfully validated.
2024-11-02 11:36:04,195 - INFO - Character 'Windows XP Media Center Edition' with file 'Windows_XP_Media_Center_Edition.json' successfully validated.
2024-11-02 11:36:04,195 - INFO - Character 'Windows Vista' with file 'Windows_Vista.json' successfully validated.
2024-11-02 11:36:04,196 - ERROR - Character 'Windows Server 2008' with file 'Windows_Server_2008.json' does not exist.
2024-11-02 11:36:04,196 - INFO - Character 'Windows 7' with file 'Windows_7.json' successfully validated.
2024-11-02 11:36:04,197 - INFO - Character 'Windows 8' with file 'Windows_8.json' successfully validated.
2024-11-02 11:36:04,197 - INFO - Character 'Windows 10' with file 'Windows_10.json' successfully validated.
2024-11-02 11:36:04,197 - INFO - Character 'Microsoft Silverlight' with file 'Microsoft_Silverlight.json' successfully validated.
2024-11-02 11:36:04,198 - INFO - Character 'Windows Azure' with file 'Windows_Azure.json' successfully validated.
2024-11-02 11:36:04,200 - INFO - Fixed aliases saved to D:\Code\ME-bot\characters\fixed_character_aliases.json.
2024-11-02 11:37:16,328 - INFO - Character 'OSC Windows 1.0' with file 'OSC_Windows_1.0.json' successfully validated.
2024-11-02 11:37:16,328 - INFO - Character 'Futaba Windows 1.0' with file 'Futaba_Windows_1.0.json' successfully validated.
2024-11-02 11:37:16,328 - INFO - Character 'Windows 2.0' with file 'Windows_2.0.json' successfully validated.
2024-11-02 11:37:16,329 - INFO - Character 'Windows 3.1' with file 'Windows_3.1.json' successfully validated.
2024-11-02 11:37:16,329 - INFO - Character 'Windows 3.2' with file 'Windows_3.2.json' successfully validated.
2024-11-02 11:37:16,329 - INFO - Character 'Windows NT' with file 'Windows_NT.json' successfully validated.
2024-11-02 11:37:16,330 - INFO - Character 'Windows 95' with file 'Windows_95.json' successfully validated.
2024-11-02 11:37:16,330 - INFO - Character 'Windows 95 OSR 2.1' with file 'Windows_95_OSR_2.1.json' successfully validated.
2024-11-02 11:37:16,330 - INFO - Character 'Windows 95 OSR 2.5' with file 'Windows_95_OSR_2.5.json' successfully validated.
2024-11-02 11:37:16,330 - INFO - Character 'Windows 98' with file 'Windows_98.json' successfully validated.
2024-11-02 11:37:16,331 - ERROR - Character 'Windows 98 SE' with file 'Windows_98_SE.json' does not exist.
2024-11-02 11:37:16,331 - INFO - Character 'Windows ME' with file 'Windows_ME.json' successfully validated.
2024-11-02 11:37:16,331 - INFO - Character 'Windows 2000' with file 'Windows_2000.json' successfully validated.
2024-11-02 11:37:16,332 - INFO - Character 'Nyake' with file 'Nyaake.json' successfully validated.
2024-11-02 11:37:16,332 - INFO - Character 'Windows XP Pro' with file 'Windows_XP_Pro.json' successfully validated.
2024-11-02 11:37:16,332 - INFO - Character 'Windows XP Home' with file 'Windows_XP_Homeko.json' successfully validated.
2024-11-02 11:37:16,333 - INFO - Character 'Windows XP Media Center Edition' with file 'Windows_XP_Media_Center_Edition.json' successfully validated.
2024-11-02 11:37:16,333 - INFO - Character 'Windows Vista' with file 'Windows_Vista.json' successfully validated.
2024-11-02 11:37:16,333 - ERROR - Character 'Windows Server 2008' with file 'Windows_Server_2008.json' does not exist.
2024-11-02 11:37:16,334 - INFO - Character 'Windows 7' with file 'Windows_7.json' successfully validated.
2024-11-02 11:37:16,334 - INFO - Character 'Windows 8' with file 'Windows_8.json' successfully validated.
2024-11-02 11:37:16,334 - INFO - Character 'Windows 10' with file 'Windows_10.json' successfully validated.
2024-11-02 11:37:16,335 - INFO - Character 'Microsoft Silverlight' with file 'Microsoft_Silverlight.json' successfully validated.
2024-11-02 11:37:16,335 - INFO - Character 'Windows Azure' with file 'Windows_Azure.json' successfully validated.
2024-11-02 11:37:16,339 - INFO - Fixed aliases saved to D:\Code\ME-bot\characters\fixed_character_aliases.json.
